2024-08-21 15:07:01 INFO  ClientHandler - arpit received the active clients list
2024-08-21 15:07:01 INFO  ClientHandler - Server: arpit has entered the chat room.
2024-08-21 15:07:09 INFO  ClientHandler - shivam received the active clients list
2024-08-21 15:07:09 INFO  ClientHandler - Server: shivam has entered the chat room.
2024-08-21 15:07:13 INFO  ClientHandler - pandey received the active clients list
2024-08-21 15:07:13 INFO  ClientHandler - Server: pandey has entered the chat room.
2024-08-21 15:07:46 INFO  ClientHandler - pandey sent a private message to arpit
2024-08-21 15:08:05 INFO  ClientHandler - arpit sent a private message to pandey
2024-08-21 15:08:12 WARN  ClientHandler - IO Exception in ClientHandler for pandey
java.net.SocketException: Connection reset
	at java.base/sun.nio.ch.NioSocketImpl.implRead(NioSocketImpl.java:318)
	at java.base/sun.nio.ch.NioSocketImpl.read(NioSocketImpl.java:346)
	at java.base/sun.nio.ch.NioSocketImpl$1.read(NioSocketImpl.java:796)
	at java.base/java.net.Socket$SocketInputStream.implRead(Socket.java:1108)
	at java.base/java.net.Socket$SocketInputStream.read(Socket.java:1095)
	at java.base/sun.nio.cs.StreamDecoder.readBytes(StreamDecoder.java:350)
	at java.base/sun.nio.cs.StreamDecoder.implRead(StreamDecoder.java:393)
	at java.base/sun.nio.cs.StreamDecoder.lockedRead(StreamDecoder.java:217)
	at java.base/sun.nio.cs.StreamDecoder.read(StreamDecoder.java:171)
	at java.base/java.io.InputStreamReader.read(InputStreamReader.java:186)
	at java.base/java.io.BufferedReader.fill(BufferedReader.java:160)
	at java.base/java.io.BufferedReader.implReadLine(BufferedReader.java:370)
	at java.base/java.io.BufferedReader.readLine(BufferedReader.java:347)
	at java.base/java.io.BufferedReader.readLine(BufferedReader.java:436)
	at ClientHandler.run(ClientHandler.scala:31)
	at java.base/java.lang.Thread.run(Thread.java:1570)
2024-08-21 15:08:12 INFO  ClientHandler - Server: pandey has left the chat room.
2024-08-21 15:08:12 INFO  ClientHandler - Resources closed for pandey
2024-08-21 15:12:39 INFO  ClientHandler - arpit received the active clients list
2024-08-21 15:12:39 INFO  ClientHandler - Server: arpit has entered the chat room.
2024-08-21 15:12:43 INFO  ClientHandler - shivam received the active clients list
2024-08-21 15:12:43 INFO  ClientHandler - Server: shivam has entered the chat room.
2024-08-21 15:12:47 INFO  ClientHandler - pandey received the active clients list
2024-08-21 15:12:47 INFO  ClientHandler - Server: pandey has entered the chat room.
2024-08-21 16:07:03 INFO  ClientHandler - arpit received the active clients list
2024-08-21 16:07:03 INFO  ClientHandler - Server: arpit has entered the chat room.
2024-08-21 16:07:18 INFO  ClientHandler - shivam received the active clients list
2024-08-21 16:07:18 INFO  ClientHandler - Server: shivam has entered the chat room.
2024-08-21 16:07:22 INFO  ClientHandler - pandey received the active clients list
2024-08-21 16:07:22 INFO  ClientHandler - Server: pandey has entered the chat room.
2024-08-21 16:07:53 WARN  ClientHandler - IO Exception in ClientHandler for pandey
java.net.SocketException: Connection reset
	at java.base/sun.nio.ch.NioSocketImpl.implRead(NioSocketImpl.java:318)
	at java.base/sun.nio.ch.NioSocketImpl.read(NioSocketImpl.java:346)
	at java.base/sun.nio.ch.NioSocketImpl$1.read(NioSocketImpl.java:796)
	at java.base/java.net.Socket$SocketInputStream.implRead(Socket.java:1108)
	at java.base/java.net.Socket$SocketInputStream.read(Socket.java:1095)
	at java.base/sun.nio.cs.StreamDecoder.readBytes(StreamDecoder.java:350)
	at java.base/sun.nio.cs.StreamDecoder.implRead(StreamDecoder.java:393)
	at java.base/sun.nio.cs.StreamDecoder.lockedRead(StreamDecoder.java:217)
	at java.base/sun.nio.cs.StreamDecoder.read(StreamDecoder.java:171)
	at java.base/java.io.InputStreamReader.read(InputStreamReader.java:186)
	at java.base/java.io.BufferedReader.fill(BufferedReader.java:160)
	at java.base/java.io.BufferedReader.implReadLine(BufferedReader.java:370)
	at java.base/java.io.BufferedReader.readLine(BufferedReader.java:347)
	at java.base/java.io.BufferedReader.readLine(BufferedReader.java:436)
	at ClientHandler.run(ClientHandler.scala:31)
	at java.base/java.lang.Thread.run(Thread.java:1570)
2024-08-21 16:07:53 INFO  ClientHandler - Server: pandey has left the chat room.
2024-08-21 16:07:53 INFO  ClientHandler - Resources closed for pandey
2024-08-21 16:07:56 WARN  ClientHandler - IO Exception in ClientHandler for shivam
java.net.SocketException: Connection reset
	at java.base/sun.nio.ch.NioSocketImpl.implRead(NioSocketImpl.java:318)
	at java.base/sun.nio.ch.NioSocketImpl.read(NioSocketImpl.java:346)
	at java.base/sun.nio.ch.NioSocketImpl$1.read(NioSocketImpl.java:796)
	at java.base/java.net.Socket$SocketInputStream.implRead(Socket.java:1108)
	at java.base/java.net.Socket$SocketInputStream.read(Socket.java:1095)
	at java.base/sun.nio.cs.StreamDecoder.readBytes(StreamDecoder.java:350)
	at java.base/sun.nio.cs.StreamDecoder.implRead(StreamDecoder.java:393)
	at java.base/sun.nio.cs.StreamDecoder.read(StreamDecoder.java:171)
	at java.base/java.io.InputStreamReader.read(InputStreamReader.java:186)
	at java.base/java.io.BufferedReader.fill(BufferedReader.java:160)
	at java.base/java.io.BufferedReader.implReadLine(BufferedReader.java:370)
	at java.base/java.io.BufferedReader.readLine(BufferedReader.java:347)
	at java.base/java.io.BufferedReader.readLine(BufferedReader.java:436)
	at ClientHandler.run(ClientHandler.scala:31)
	at java.base/java.lang.Thread.run(Thread.java:1570)
2024-08-21 16:07:56 INFO  ClientHandler - Server: shivam has left the chat room.
2024-08-21 16:07:56 INFO  ClientHandler - Resources closed for shivam
2024-08-21 16:07:58 WARN  ClientHandler - IO Exception in ClientHandler for arpit
java.net.SocketException: Connection reset
	at java.base/sun.nio.ch.NioSocketImpl.implRead(NioSocketImpl.java:318)
	at java.base/sun.nio.ch.NioSocketImpl.read(NioSocketImpl.java:346)
	at java.base/sun.nio.ch.NioSocketImpl$1.read(NioSocketImpl.java:796)
	at java.base/java.net.Socket$SocketInputStream.implRead(Socket.java:1108)
	at java.base/java.net.Socket$SocketInputStream.read(Socket.java:1095)
	at java.base/sun.nio.cs.StreamDecoder.readBytes(StreamDecoder.java:350)
	at java.base/sun.nio.cs.StreamDecoder.implRead(StreamDecoder.java:393)
	at java.base/sun.nio.cs.StreamDecoder.lockedRead(StreamDecoder.java:217)
	at java.base/sun.nio.cs.StreamDecoder.read(StreamDecoder.java:171)
	at java.base/java.io.InputStreamReader.read(InputStreamReader.java:186)
	at java.base/java.io.BufferedReader.fill(BufferedReader.java:160)
	at java.base/java.io.BufferedReader.implReadLine(BufferedReader.java:370)
	at java.base/java.io.BufferedReader.readLine(BufferedReader.java:347)
	at java.base/java.io.BufferedReader.readLine(BufferedReader.java:436)
	at ClientHandler.run(ClientHandler.scala:31)
	at java.base/java.lang.Thread.run(Thread.java:1570)
2024-08-21 16:07:58 INFO  ClientHandler - Server: arpit has left the chat room.
2024-08-21 16:07:58 INFO  ClientHandler - Resources closed for arpit
