[debug] > Exec(early(addDefaultCommands), None, None)
[debug] > Exec(addDefaultCommands, None, None)
[debug] > Exec(early(initialize), None, None)
[debug] > Exec(initialize, None, None)
[debug] > Exec(early(addPluginSbtFile="""C:\Users\a.pandey\AppData\Local\Temp\idea.sbt"""), None, None)
[debug] > Exec(addPluginSbtFile="""C:\Users\a.pandey\AppData\Local\Temp\idea.sbt""", None, None)
[debug] > Exec(boot, None, None)
[debug] > Exec(writeSbtVersion, None, None)
[debug] > Exec(reload, None, None)
[debug] > Exec(sbtStashOnFailure, None, None)
[debug] > Exec(onFailure loadFailed, None, None)
[debug] > Exec(loadp, None, None)
[info] welcome to sbt 1.10.1 (Oracle Corporation Java 22.0.1)
[debug] Load.defaultLoad until apply took 63.0239ms
[debug]           Load.loadUnit: plugins took 69.1035ms
[debug]           Load.loadUnit: defsScala took 0.2315ms
[debug] [Loading] Scanning directory C:\arpit\java\chat-Bot\project
[debug]             Load.loadUnit: mkEval took 8.4614ms
[debug] [Loading] Found non-root projects 
[debug] [Loading] Done in C:\arpit\java\chat-Bot\project, returning: ()
[debug] deducing auto plugins based on known facts Set(Atom(sbt.plugins.CorePlugin)) and clauses Clauses(Clause(Atom(sbt.plugins.JvmPlugin),Set(Atom(sbt.plugins.IvyPlugin)))
[debug] Clause(Atom(sbt.ScriptedPlugin),Set(Atom(sbt.plugins.JvmPlugin)))
[debug] Clause(Atom(sbt.plugins.SbtPlugin),Set(Atom(sbt.ScriptedPlugin)))
[debug] Clause(Atom(sbt.plugins.SemanticdbPlugin),Set(Atom(sbt.plugins.JvmPlugin)))
[debug] Clause(Atom(sbt.plugins.JUnitXmlReportPlugin),Set(Atom(sbt.plugins.JvmPlugin)))
[debug] Clause(Atom(sbt.plugins.MiniDependencyTreePlugin),Set(Atom(sbt.plugins.JvmPlugin)))
[debug] Clause(Atom(sbt.plugins.CorePlugin),Set(Atom(sbt.plugins.IvyPlugin)))
[debug] Clause(Atom(sbt.plugins.IvyPlugin),Set(Atom(sbt.plugins.JvmPlugin)))
[debug] Clause(Atom(sbt.plugins.JvmPlugin),Set(Atom(sbt.plugins.SemanticdbPlugin)))
[debug] Clause(Atom(sbt.plugins.JvmPlugin),Set(Atom(sbt.plugins.JUnitXmlReportPlugin)))
[debug] Clause(Atom(sbt.plugins.CorePlugin),Set(Atom(sbt.plugins.Giter8TemplatePlugin)))
[debug] Clause(Atom(sbt.plugins.JvmPlugin),Set(Atom(sbt.plugins.MiniDependencyTreePlugin))))
[debug]   :: deduced result: Matched(sbt.plugins.CorePlugin,sbt.plugins.Giter8TemplatePlugin,sbt.plugins.IvyPlugin,sbt.plugins.JvmPlugin,sbt.plugins.MiniDependencyTreePlugin,sbt.plugins.JUnitXmlReportPlugin,sbt.plugins.SemanticdbPlugin)
[debug] Plugins.deducer#function took 11.6786 ms
[info] loading settings for project chat-bot-build from idea.sbt ...
[debug]               Load.resolveProject(chat-bot-build) took 25.2129ms
[debug]             Load.loadTransitive: finalizeProject(Project(id chat-bot-build, base: C:\arpit\java\chat-Bot\project, plugins: List(<none>))) took 47.3581ms
[debug] [Loading] Done in C:\arpit\java\chat-Bot\project, returning: (chat-bot-build)
[debug]           Load.loadUnit: loadedProjectsRaw took 226.2624ms
[debug]           Load.loadUnit: cleanEvalClasses took 6.3566ms
[debug]         Load.loadUnit(file:/C:/arpit/java/chat-Bot/project/, ...) took 307.0932ms
[debug]       Load.apply: load took 414.5552ms
[debug]       Load.apply: resolveProjects took 3.5394ms
[debug]       Load.apply: finalTransforms took 58.3359ms
[debug]       Load.apply: config.delegates took 8.9352ms
[debug]       Load.apply: Def.make(settings)... took 552.8274ms
[debug]       Load.apply: structureIndex took 151.93ms
[debug]       Load.apply: mkStreams took 5.285ms
[info] loading project definition from C:\arpit\java\chat-Bot\project
[debug] Running task... Cancel: Signal, check cycles: false, forcegc: true
[debug]     Load.loadUnit: plugins took 2241.0688ms
[debug]     Load.loadUnit: defsScala took 0.0033ms
[debug] [Loading] Scanning directory C:\arpit\java\chat-Bot
[debug]       Load.loadUnit: mkEval took 0.2462ms
[debug] [Loading] Found root project root w/ remaining 
[debug] deducing auto plugins based on known facts Set(Atom(sbt.plugins.CorePlugin)) and clauses Clauses(Clause(Atom(sbt.plugins.JvmPlugin),Set(Atom(sbt.plugins.IvyPlugin)))
[debug] Clause(Atom(sbt.ScriptedPlugin),Set(Atom(sbt.plugins.JvmPlugin)))
[debug] Clause(Atom(sbt.plugins.SbtPlugin),Set(Atom(sbt.ScriptedPlugin)))
[debug] Clause(Atom(sbt.plugins.SemanticdbPlugin),Set(Atom(sbt.plugins.JvmPlugin)))
[debug] Clause(Atom(sbt.plugins.JUnitXmlReportPlugin),Set(Atom(sbt.plugins.JvmPlugin)))
[debug] Clause(Atom(sbt.plugins.MiniDependencyTreePlugin),Set(Atom(sbt.plugins.JvmPlugin)))
[debug] Clause(Atom(org.jetbrains.sbt.StructurePlugin),Set(Atom(sbt.plugins.JvmPlugin)))
[debug] Clause(Atom(org.jetbrains.sbt.IdeaShellPlugin),Set(Atom(sbt.plugins.JvmPlugin)))
[debug] Clause(Atom(org.jetbrains.sbt.indices.SbtIntellijIndicesPlugin),Set(Atom(sbt.plugins.JvmPlugin)))
[debug] Clause(Atom(sbt.plugins.CorePlugin),Set(Atom(sbt.plugins.IvyPlugin)))
[debug] Clause(Atom(sbt.plugins.IvyPlugin),Set(Atom(sbt.plugins.JvmPlugin)))
[debug] Clause(Atom(sbt.plugins.JvmPlugin),Set(Atom(sbt.plugins.SemanticdbPlugin)))
[debug] Clause(Atom(sbt.plugins.JvmPlugin),Set(Atom(sbt.plugins.JUnitXmlReportPlugin)))
[debug] Clause(Atom(sbt.plugins.CorePlugin),Set(Atom(sbt.plugins.Giter8TemplatePlugin)))
[debug] Clause(Atom(sbt.plugins.JvmPlugin),Set(Atom(sbt.plugins.MiniDependencyTreePlugin)))
[debug] Clause(Atom(sbt.plugins.JvmPlugin),Set(Atom(org.jetbrains.sbt.StructurePlugin)))
[debug] Clause(Atom(sbt.plugins.JvmPlugin),Set(Atom(org.jetbrains.sbt.IdeaShellPlugin)))
[debug] Clause(And(Set(Atom(sbt.plugins.CorePlugin), Atom(sbt.plugins.JvmPlugin))),Set(Atom(org.jetbrains.sbt.indices.SbtIntellijIndicesPlugin))))
[debug]   :: deduced result: Matched(sbt.plugins.CorePlugin,sbt.plugins.Giter8TemplatePlugin,sbt.plugins.IvyPlugin,sbt.plugins.JvmPlugin,sbt.plugins.SemanticdbPlugin,org.jetbrains.sbt.indices.SbtIntellijIndicesPlugin,sbt.plugins.JUnitXmlReportPlugin,org.jetbrains.sbt.IdeaShellPlugin,org.jetbrains.sbt.StructurePlugin,sbt.plugins.MiniDependencyTreePlugin)
[debug] Plugins.deducer#function took 3.1822 ms
[info] loading settings for project root from build.sbt ...
[debug]         Load.resolveProject(root) took 45.4596ms
[debug]       Load.loadTransitive: finalizeProject(Project(id root, base: C:\arpit\java\chat-Bot, plugins: List(<none>))) took 50.877ms
[debug] [Loading] Done in C:\arpit\java\chat-Bot, returning: (root)
[debug]     Load.loadUnit: loadedProjectsRaw took 103.2056ms
[debug]     Load.loadUnit: cleanEvalClasses took 9.1466ms
[debug]   Load.loadUnit(file:/C:/arpit/java/chat-Bot/, ...) took 2355.2129ms
[debug] Load.apply: load took 2369.1037ms
[debug] Load.apply: resolveProjects took 0.0951ms
[debug] Load.apply: finalTransforms took 58.702ms
[debug] Load.apply: config.delegates took 0.2503ms
[debug] Load.apply: Def.make(settings)... took 87.2218ms
[debug] Load.apply: structureIndex took 18.7269ms
[debug] Load.apply: mkStreams took 0.0021ms
[info] set current project to chat-Bot (in build file:/C:/arpit/java/chat-Bot/)
[debug] > Exec(sbtPopOnFailure, None, None)
[debug] > Exec(resumeFromFailure, None, None)
[debug] > Exec(notifyUsersAboutShell, None, None)
[debug] > Exec(iflast shell, None, None)
[debug] > Exec(; set ideaPort in Global := 57186 ; idea-shell, None, None)
[debug] > Exec(set ideaPort in Global := 57186, None, None)
[info] Defining Global / ideaPort
[info] The new value will be used by Compile / compile, Test / compile
[debug] Defining 
[debug] 	Global / ideaPort
[debug] 
[debug] The new value will be used by 
[debug] 	Compile / compile
[debug] 	Test / compile
[info] Reapplying settings...
[info] set current project to chat-Bot (in build file:/C:/arpit/java/chat-Bot/)
[debug] > Exec(idea-shell, None, None)
