[debug] > Exec(early(addDefaultCommands), None, None)
[debug] > Exec(addDefaultCommands, None, None)
[debug] > Exec(early(initialize), None, None)
[debug] > Exec(initialize, None, None)
[debug] > Exec(early(addPluginSbtFile="""C:\Users\a.pandey\AppData\Local\Temp\idea1.sbt"""), None, None)
[debug] > Exec(addPluginSbtFile="""C:\Users\a.pandey\AppData\Local\Temp\idea1.sbt""", None, None)
[debug] > Exec(boot, None, None)
[debug] > Exec(writeSbtVersion, None, None)
[debug] > Exec(reload, None, None)
[debug] > Exec(sbtStashOnFailure, None, None)
[debug] > Exec(onFailure loadFailed, None, None)
[debug] > Exec(loadp, None, None)
[info] welcome to sbt 1.10.1 (Oracle Corporation Java 22.0.1)
[debug] Load.defaultLoad until apply took 52.9981ms
[debug]           Load.loadUnit: plugins took 70.9936ms
[debug]           Load.loadUnit: defsScala took 0.1524ms
[debug] [Loading] Scanning directory C:\arpit\java\chatbot-2\project
[debug]             Load.loadUnit: mkEval took 3.0869ms
[debug] [Loading] Found non-root projects 
[debug] [Loading] Done in C:\arpit\java\chatbot-2\project, returning: ()
[debug] deducing auto plugins based on known facts Set(Atom(sbt.plugins.CorePlugin)) and clauses Clauses(Clause(Atom(sbt.plugins.JvmPlugin),Set(Atom(sbt.plugins.IvyPlugin)))
[debug] Clause(Atom(sbt.ScriptedPlugin),Set(Atom(sbt.plugins.JvmPlugin)))
[debug] Clause(Atom(sbt.plugins.SbtPlugin),Set(Atom(sbt.ScriptedPlugin)))
[debug] Clause(Atom(sbt.plugins.SemanticdbPlugin),Set(Atom(sbt.plugins.JvmPlugin)))
[debug] Clause(Atom(sbt.plugins.JUnitXmlReportPlugin),Set(Atom(sbt.plugins.JvmPlugin)))
[debug] Clause(Atom(sbt.plugins.MiniDependencyTreePlugin),Set(Atom(sbt.plugins.JvmPlugin)))
[debug] Clause(Atom(sbt.plugins.CorePlugin),Set(Atom(sbt.plugins.IvyPlugin)))
[debug] Clause(Atom(sbt.plugins.IvyPlugin),Set(Atom(sbt.plugins.JvmPlugin)))
[debug] Clause(Atom(sbt.plugins.JvmPlugin),Set(Atom(sbt.plugins.SemanticdbPlugin)))
[debug] Clause(Atom(sbt.plugins.JvmPlugin),Set(Atom(sbt.plugins.JUnitXmlReportPlugin)))
[debug] Clause(Atom(sbt.plugins.CorePlugin),Set(Atom(sbt.plugins.Giter8TemplatePlugin)))
[debug] Clause(Atom(sbt.plugins.JvmPlugin),Set(Atom(sbt.plugins.MiniDependencyTreePlugin))))
[debug]   :: deduced result: Matched(sbt.plugins.CorePlugin,sbt.plugins.Giter8TemplatePlugin,sbt.plugins.IvyPlugin,sbt.plugins.JvmPlugin,sbt.plugins.MiniDependencyTreePlugin,sbt.plugins.JUnitXmlReportPlugin,sbt.plugins.SemanticdbPlugin)
[debug] Plugins.deducer#function took 11.6204 ms
[info] loading settings for project chatbot-2-build from idea1.sbt ...
[debug]               Load.resolveProject(chatbot-2-build) took 26.2034ms
[debug]             Load.loadTransitive: finalizeProject(Project(id chatbot-2-build, base: C:\arpit\java\chatbot-2\project, plugins: List(<none>))) took 47.913ms
[debug] [Loading] Done in C:\arpit\java\chatbot-2\project, returning: (chatbot-2-build)
[debug]           Load.loadUnit: loadedProjectsRaw took 199.1233ms
[debug]           Load.loadUnit: cleanEvalClasses took 5.4087ms
[debug]         Load.loadUnit(file:/C:/arpit/java/chatbot-2/project/, ...) took 279.8539ms
[debug]       Load.apply: load took 379.0101ms
[debug]       Load.apply: resolveProjects took 3.2225ms
[debug]       Load.apply: finalTransforms took 52.9042ms
[debug]       Load.apply: config.delegates took 17.5641ms
[debug]       Load.apply: Def.make(settings)... took 575.6475ms
[debug]       Load.apply: structureIndex took 151.754ms
[debug]       Load.apply: mkStreams took 4.8247ms
[info] loading project definition from C:\arpit\java\chatbot-2\project
[debug] Running task... Cancel: Signal, check cycles: false, forcegc: true
[debug]     Load.loadUnit: plugins took 2798.0276ms
[debug]     Load.loadUnit: defsScala took 0.0035ms
[debug] [Loading] Scanning directory C:\arpit\java\chatbot-2
[debug]       Load.loadUnit: mkEval took 0.3121ms
[debug] [Loading] Found root project root w/ remaining 
[debug] deducing auto plugins based on known facts Set(Atom(sbt.plugins.CorePlugin)) and clauses Clauses(Clause(Atom(sbt.plugins.JvmPlugin),Set(Atom(sbt.plugins.IvyPlugin)))
[debug] Clause(Atom(sbt.ScriptedPlugin),Set(Atom(sbt.plugins.JvmPlugin)))
[debug] Clause(Atom(sbt.plugins.SbtPlugin),Set(Atom(sbt.ScriptedPlugin)))
[debug] Clause(Atom(sbt.plugins.SemanticdbPlugin),Set(Atom(sbt.plugins.JvmPlugin)))
[debug] Clause(Atom(sbt.plugins.JUnitXmlReportPlugin),Set(Atom(sbt.plugins.JvmPlugin)))
[debug] Clause(Atom(sbt.plugins.MiniDependencyTreePlugin),Set(Atom(sbt.plugins.JvmPlugin)))
[debug] Clause(Atom(org.jetbrains.sbt.StructurePlugin),Set(Atom(sbt.plugins.JvmPlugin)))
[debug] Clause(Atom(org.jetbrains.sbt.IdeaShellPlugin),Set(Atom(sbt.plugins.JvmPlugin)))
[debug] Clause(Atom(org.jetbrains.sbt.indices.SbtIntellijIndicesPlugin),Set(Atom(sbt.plugins.JvmPlugin)))
[debug] Clause(Atom(sbt.plugins.CorePlugin),Set(Atom(sbt.plugins.IvyPlugin)))
[debug] Clause(Atom(sbt.plugins.IvyPlugin),Set(Atom(sbt.plugins.JvmPlugin)))
[debug] Clause(Atom(sbt.plugins.JvmPlugin),Set(Atom(sbt.plugins.SemanticdbPlugin)))
[debug] Clause(Atom(sbt.plugins.JvmPlugin),Set(Atom(sbt.plugins.JUnitXmlReportPlugin)))
[debug] Clause(Atom(sbt.plugins.CorePlugin),Set(Atom(sbt.plugins.Giter8TemplatePlugin)))
[debug] Clause(Atom(sbt.plugins.JvmPlugin),Set(Atom(sbt.plugins.MiniDependencyTreePlugin)))
[debug] Clause(Atom(sbt.plugins.JvmPlugin),Set(Atom(org.jetbrains.sbt.StructurePlugin)))
[debug] Clause(Atom(sbt.plugins.JvmPlugin),Set(Atom(org.jetbrains.sbt.IdeaShellPlugin)))
[debug] Clause(And(Set(Atom(sbt.plugins.CorePlugin), Atom(sbt.plugins.JvmPlugin))),Set(Atom(org.jetbrains.sbt.indices.SbtIntellijIndicesPlugin))))
[debug]   :: deduced result: Matched(sbt.plugins.CorePlugin,sbt.plugins.Giter8TemplatePlugin,sbt.plugins.IvyPlugin,sbt.plugins.JvmPlugin,sbt.plugins.SemanticdbPlugin,org.jetbrains.sbt.indices.SbtIntellijIndicesPlugin,sbt.plugins.JUnitXmlReportPlugin,org.jetbrains.sbt.IdeaShellPlugin,org.jetbrains.sbt.StructurePlugin,sbt.plugins.MiniDependencyTreePlugin)
[debug] Plugins.deducer#function took 4.5135 ms
[info] loading settings for project root from build.sbt ...
[debug]         Load.resolveProject(root) took 108.9382ms
[debug]       Load.loadTransitive: finalizeProject(Project(id root, base: C:\arpit\java\chatbot-2, plugins: List(<none>))) took 117.5516ms
[debug] [Loading] Done in C:\arpit\java\chatbot-2, returning: (root)
[debug]     Load.loadUnit: loadedProjectsRaw took 3647.5898ms
[debug]     Load.loadUnit: cleanEvalClasses took 48.051ms
[debug]   Load.loadUnit(file:/C:/arpit/java/chatbot-2/, ...) took 6495.4285ms
[debug] Load.apply: load took 6506.2838ms
[debug] Load.apply: resolveProjects took 0.1536ms
[debug] Load.apply: finalTransforms took 68.7738ms
[debug] Load.apply: config.delegates took 0.2775ms
[debug] Load.apply: Def.make(settings)... took 77.1003ms
[debug] Load.apply: structureIndex took 18.1205ms
[debug] Load.apply: mkStreams took 0.0025ms
[info] set current project to ClientSideApplication (in build file:/C:/arpit/java/chatbot-2/)
[warn] there's a key that's not used by any other settings/tasks:
[warn]  
[warn] * root / mainClass
[warn]   +- C:\arpit\java\chatbot-2\build.sbt:16
[warn]  
[warn] note: a setting might still be used by a command; to exclude a key from this `lintUnused` check
[warn] either append it to `Global / excludeLintKeys` or call .withRank(KeyRanks.Invisible) on the key
[debug] > Exec(sbtPopOnFailure, None, None)
[debug] > Exec(resumeFromFailure, None, None)
[debug] > Exec(notifyUsersAboutShell, None, None)
[debug] > Exec(iflast shell, None, None)
[debug] > Exec(; set ideaPort in Global := 58814 ; idea-shell, None, None)
[debug] > Exec(set ideaPort in Global := 58814, None, None)
[info] Defining Global / ideaPort
[info] The new value will be used by Compile / compile, Test / compile
[debug] Defining 
[debug] 	Global / ideaPort
[debug] 
[debug] The new value will be used by 
[debug] 	Compile / compile
[debug] 	Test / compile
[info] Reapplying settings...
[info] set current project to ClientSideApplication (in build file:/C:/arpit/java/chatbot-2/)
[debug] > Exec(idea-shell, None, None)
